<?xml version="1.0" encoding="UTF-8"?>
<!-- Generated by org.testng.reporters.JUnitXMLReporter -->
<testsuite ignored="0" hostname="LakshmananSelva" failures="0" tests="5" name="Test" time="0.134" errors="0" timestamp="2025-04-05T12:22:12 IST">
  <testcase classname="pac_2.OrgTest" name="createOrgtest" time="0.011"/>
  <testcase classname="pac_2.OrgTest" name="modifyOrgtest" time="0.002"/>
  <testcase classname="pac_1.ContactTest" name="createcontacttest" time="0.002"/>
  <testcase classname="pac_1.ContactTest" name="deletecontacttest" time="0.001"/>
  <testcase classname="pac_1.ContactTest" name="modifycontacttest" time="0.004"/>
</testsuite> <!-- Test -->
