<?xml version="1.0" encoding="UTF-8"?>
<!-- Generated by org.testng.reporters.JUnitXMLReporter -->
<testsuite ignored="0" hostname="LakshmananSelva" failures="0" tests="4" name="Surefire test" time="0.141" errors="0" timestamp="2025-03-28T11:41:27 IST">
  <testcase classname="pac_1.ContactTest" name="createcontacttest" time="0.018"/>
  <testcase classname="pac_1.ContactTest" name="modifycontacttest" time="0.002"/>
  <testcase classname="pac_2.OrgTest" name="createOrgtest" time="0.013"/>
  <testcase classname="pac_2.OrgTest" name="modifyOrgtest" time="0.002"/>
</testsuite> <!-- Surefire test -->
