<?xml version="1.0" encoding="UTF-8"?>
<testsuite xmlns:xsi="http://www.w3.org/2001/XMLSchema-instance" xsi:schemaLocation="https://maven.apache.org/surefire/maven-surefire-plugin/xsd/surefire-test-report.xsd" name="TestSuite" time="1.858" tests="5" errors="0" skipped="0" failures="0">
  <properties>
[...]
</properties>
  <testcase name="createOrgtest" classname="pac_2.OrgTest" time="0.02"/>
  <testcase name="modifyOrgtest" classname="pac_2.OrgTest" time="0.003"/>
  <testcase name="createcontacttest" classname="pac_1.ContactTest" time="0.003"/>
  <testcase name="deletecontacttest" classname="pac_1.ContactTest" time="0.008"/>
  <testcase name="modifycontacttest" classname="pac_1.ContactTest" time="0.001"/>
</testsuite>