<?xml version="1.0" encoding="UTF-8"?>
<testng-results ignored="0" total="2" passed="2" failed="0" skipped="0">
  <reporter-output>
  </reporter-output>
  <suite started-at="2025-03-28T14:20:21 IST" name="Suite" finished-at="2025-03-28T14:20:21 IST" duration-ms="97">
    <groups>
    </groups>
    <test started-at="2025-03-28T14:20:21 IST" name="Test" finished-at="2025-03-28T14:20:21 IST" duration-ms="97">
      <class name="pac_1.ContactTest">
        <test-method signature="createcontacttest()[pri:0, instance:pac_1.ContactTest@59d016c9]" started-at="2025-03-28T14:20:21 IST" name="createcontacttest" finished-at="2025-03-28T14:20:21 IST" duration-ms="10" status="PASS">
          <reporter-output>
          </reporter-output>
        </test-method> <!-- createcontacttest -->
        <test-method signature="modifycontacttest()[pri:0, instance:pac_1.ContactTest@59d016c9]" started-at="2025-03-28T14:20:21 IST" name="modifycontacttest" finished-at="2025-03-28T14:20:21 IST" duration-ms="4" status="PASS">
          <reporter-output>
          </reporter-output>
        </test-method> <!-- modifycontacttest -->
      </class> <!-- pac_1.ContactTest -->
    </test> <!-- Test -->
  </suite> <!-- Suite -->
</testng-results>
